<?xml version="1.0" encoding="UTF-8"?>
<Site BuildName="Linux-g++-9"
	BuildStamp="20201010-1551-Experimental"
	Name="axsnxs-VirtualBox"
	Generator="ctest-3.16.3"
	CompilerName="/bin/g++-9"
	CompilerVersion="9.3.0"
	OSName="Linux"
	Hostname="axsnxs-VirtualBox"
	OSRelease="5.4.0-48-generic"
	OSVersion="#52-Ubuntu SMP Thu Sep 10 10:58:49 UTC 2020"
	OSPlatform="x86_64"
	Is64Bits="1"
	VendorString="GenuineIntel"
	VendorID="Intel Corporation"
	FamilyID="6"
	ModelID="60"
	ProcessorCacheSize="8192"
	NumberOfLogicalCPU="2"
	NumberOfPhysicalCPU="2"
	TotalVirtualMemory="1494"
	TotalPhysicalMemory="7962"
	LogicalProcessorsPerPhysical="1"
	ProcessorClockFrequency="3986.83"
	>
	<Testing>
		<StartDateTime>Oct 10 17:51 CEST</StartDateTime>
		<StartTestTime>1602345102</StartTestTime>
		<TestList/>
		<EndDateTime>Oct 10 17:51 CEST</EndDateTime>
		<EndTestTime>1602345102</EndTestTime>
		<ElapsedMinutes>0</ElapsedMinutes>
	</Testing>
</Site>
